<?xml version="1.0" encoding="UTF-8"?>
<!-- Generated by org.testng.reporters.JUnitXMLReporter -->
<testsuite ignored="0" hostname="LAPTOP-L86JNH65" failures="2" tests="4" name="Command line test" time="9.425" errors="0" timestamp="2023-01-09T04:22:01 IST">
  <testcase classname="Basic_RestAssuredTests.GETRequestTest" name="CheckforChartName" time="3.797">
    <failure type="java.lang.AssertionError" message="1 expectation failed.
XML path chartName doesn&amp;apos;t match.
Expected: Bitcoin
  Actual: &amp;lt;404 Not Foundcode{word-wrap:break-word;color:black}.comment,.doc_comment,.ml_comment{color:orange}.variable{color:blueviolet;font-style:italic}.const,.constant_encapsed_string,.class_c,.dir,.file,.func_c,.halt_compiler,.line,.method_c,.ns_c,.ns_separator,.lnumber,.dnumber{color:crimson}.string,.and_equal,.boolean_and,.boolean_or,.concat_equal,.dec,.div_equal,.inc,.is_equal,.is_greater_or_equal,.is_identical,.is_not_equal,.is_not_identical,.is_smaller_or_equal,.logical_and,.logical_or,.logical_xor,.minus_equal,.mod_equal,.mul_equal,.or_equal,.plus_equal,.sl,.sl_equal,.sr,.sr_equal,.xor_equal,.start_heredoc,.end_heredoc,.object_operator,.paamayim_nekudotayim{color:black}.abstract,.array,.array_cast,.as,.break,.case,.catch,.class,.clone,.continue,.declare,.default,.do,.echo,.else,.elseif,.empty.enddeclare,.endfor,.endforach,.endif,.endswitch,.endwhile,.eval,.exit,.extends,.final,.for,.foreach,.function,.global,.goto,.if,.implements,.include,.include_once,.instanceof,.interface,.isset,.list,.namespace,.new,.print,.private,.public,.protected,.require,.require_once,.return,.static,.switch,.throw,.try,.unset,.use,.var,.while{color:royalblue}.open_tag,.open_tag_with_echo,.close_tag{color:orange}.ini_section{color:black}.ini_key{color:royalblue}.ini_value{color:crimson}.xml_tag{color:dodgerblue}.xml_attr{color:blueviolet}.xml_data{color:red}.section{color:black}.directive{color:blue}.data{color:dimgray}
Not FoundHTTP 404 (GET /v1/bpi/currentprice.json/products/1)&amp;gt;
">
      <![CDATA[java.lang.AssertionError: 1 expectation failed.
XML path chartName doesn't match.
Expected: Bitcoin
  Actual: <404 Not Foundcode{word-wrap:break-word;color:black}.comment,.doc_comment,.ml_comment{color:orange}.variable{color:blueviolet;font-style:italic}.const,.constant_encapsed_string,.class_c,.dir,.file,.func_c,.halt_compiler,.line,.method_c,.ns_c,.ns_separator,.lnumber,.dnumber{color:crimson}.string,.and_equal,.boolean_and,.boolean_or,.concat_equal,.dec,.div_equal,.inc,.is_equal,.is_greater_or_equal,.is_identical,.is_not_equal,.is_not_identical,.is_smaller_or_equal,.logical_and,.logical_or,.logical_xor,.minus_equal,.mod_equal,.mul_equal,.or_equal,.plus_equal,.sl,.sl_equal,.sr,.sr_equal,.xor_equal,.start_heredoc,.end_heredoc,.object_operator,.paamayim_nekudotayim{color:black}.abstract,.array,.array_cast,.as,.break,.case,.catch,.class,.clone,.continue,.declare,.default,.do,.echo,.else,.elseif,.empty.enddeclare,.endfor,.endforach,.endif,.endswitch,.endwhile,.eval,.exit,.extends,.final,.for,.foreach,.function,.global,.goto,.if,.implements,.include,.include_once,.instanceof,.interface,.isset,.list,.namespace,.new,.print,.private,.public,.protected,.require,.require_once,.return,.static,.switch,.throw,.try,.unset,.use,.var,.while{color:royalblue}.open_tag,.open_tag_with_echo,.close_tag{color:orange}.ini_section{color:black}.ini_key{color:royalblue}.ini_value{color:crimson}.xml_tag{color:dodgerblue}.xml_attr{color:blueviolet}.xml_data{color:red}.section{color:black}.directive{color:blue}.data{color:dimgray}
Not FoundHTTP 404 (GET /v1/bpi/currentprice.json/products/1)>

at org.codehaus.groovy.runtime.callsite.ConstructorSite$ConstructorSiteNoUnwrapNoCoerce.callConstructor(ConstructorSite.java:108)
at org.codehaus.groovy.runtime.callsite.CallSiteArray.defaultCallConstructor(CallSiteArray.java:57)
at org.codehaus.groovy.runtime.callsite.AbstractCallSite.callConstructor(AbstractCallSite.java:263)
at org.codehaus.groovy.runtime.callsite.AbstractCallSite.callConstructor(AbstractCallSite.java:277)
at io.restassured.internal.ResponseSpecificationImpl$HamcrestAssertionClosure.validate(ResponseSpecificationImpl.groovy:512)
at io.restassured.internal.ResponseSpecificationImpl$HamcrestAssertionClosure$validate$1.call(Unknown Source)
at org.codehaus.groovy.runtime.callsite.CallSiteArray.defaultCall(CallSiteArray.java:45)
at org.codehaus.groovy.runtime.callsite.AbstractCallSite.call(AbstractCallSite.java:125)
at org.codehaus.groovy.runtime.callsite.AbstractCallSite.call(AbstractCallSite.java:139)
at io.restassured.internal.ResponseSpecificationImpl.validateResponseIfRequired(ResponseSpecificationImpl.groovy:696)
at io.restassured.internal.ResponseSpecificationImpl.this$2$validateResponseIfRequired(ResponseSpecificationImpl.groovy)
at org.codehaus.groovy.runtime.callsite.PlainObjectMetaMethodSite.doInvoke(PlainObjectMetaMethodSite.java:43)
at org.codehaus.groovy.runtime.callsite.PogoMetaMethodSite$PogoCachedMethodSiteNoUnwrapNoCoerce.invoke(PogoMetaMethodSite.java:198)
at org.codehaus.groovy.runtime.callsite.PogoMetaMethodSite.callCurrent(PogoMetaMethodSite.java:62)
at org.codehaus.groovy.runtime.callsite.CallSiteArray.defaultCallCurrent(CallSiteArray.java:49)
at org.codehaus.groovy.runtime.callsite.AbstractCallSite.callCurrent(AbstractCallSite.java:171)
at org.codehaus.groovy.runtime.callsite.AbstractCallSite.callCurrent(AbstractCallSite.java:185)
at io.restassured.internal.ResponseSpecificationImpl.body(ResponseSpecificationImpl.groovy:270)
at io.restassured.specification.ResponseSpecification$body$0.callCurrent(Unknown Source)
at org.codehaus.groovy.runtime.callsite.CallSiteArray.defaultCallCurrent(CallSiteArray.java:49)
at org.codehaus.groovy.runtime.callsite.AbstractCallSite.callCurrent(AbstractCallSite.java:171)
at org.codehaus.groovy.runtime.callsite.AbstractCallSite.callCurrent(AbstractCallSite.java:212)
at io.restassured.internal.ResponseSpecificationImpl.body(ResponseSpecificationImpl.groovy:117)
at io.restassured.internal.ValidatableResponseOptionsImpl.body(ValidatableResponseOptionsImpl.java:244)
at Basic_RestAssuredTests.GETRequestTest.CheckforChartName(GETRequestTest.java:24)
at java.base/java.util.ArrayList.forEach(ArrayList.java:1511)
... Removed 47 stack frames]]>
    </failure>
  </testcase> <!-- CheckforChartName -->
  <testcase classname="Basic_RestAssuredTests.GETRequestTest" name="practice_GET_Request" time="0.596">
    <failure type="java.lang.AssertionError" message="1 expectation failed.
Expected status code &amp;lt;200&amp;gt; but was &amp;lt;404&amp;gt;.
">
      <![CDATA[java.lang.AssertionError: 1 expectation failed.
Expected status code <200> but was <404>.

at org.codehaus.groovy.runtime.callsite.ConstructorSite$ConstructorSiteNoUnwrapNoCoerce.callConstructor(ConstructorSite.java:108)
at org.codehaus.groovy.runtime.callsite.AbstractCallSite.callConstructor(AbstractCallSite.java:277)
at io.restassured.internal.ResponseSpecificationImpl$HamcrestAssertionClosure.validate(ResponseSpecificationImpl.groovy:512)
at io.restassured.internal.ResponseSpecificationImpl$HamcrestAssertionClosure$validate$1.call(Unknown Source)
at io.restassured.internal.ResponseSpecificationImpl.validateResponseIfRequired(ResponseSpecificationImpl.groovy:696)
at io.restassured.internal.ResponseSpecificationImpl.this$2$validateResponseIfRequired(ResponseSpecificationImpl.groovy)
at org.codehaus.groovy.runtime.callsite.PlainObjectMetaMethodSite.doInvoke(PlainObjectMetaMethodSite.java:43)
at org.codehaus.groovy.runtime.callsite.PogoMetaMethodSite$PogoCachedMethodSiteNoUnwrapNoCoerce.invoke(PogoMetaMethodSite.java:198)
at org.codehaus.groovy.runtime.callsite.PogoMetaMethodSite.callCurrent(PogoMetaMethodSite.java:62)
at org.codehaus.groovy.runtime.callsite.CallSiteArray.defaultCallCurrent(CallSiteArray.java:49)
at org.codehaus.groovy.runtime.callsite.AbstractCallSite.callCurrent(AbstractCallSite.java:171)
at org.codehaus.groovy.runtime.callsite.AbstractCallSite.callCurrent(AbstractCallSite.java:185)
at io.restassured.internal.ResponseSpecificationImpl.statusCode(ResponseSpecificationImpl.groovy:135)
at io.restassured.specification.ResponseSpecification$statusCode$1.callCurrent(Unknown Source)
at org.codehaus.groovy.runtime.callsite.CallSiteArray.defaultCallCurrent(CallSiteArray.java:49)
at org.codehaus.groovy.runtime.callsite.AbstractCallSite.callCurrent(AbstractCallSite.java:171)
at org.codehaus.groovy.runtime.callsite.AbstractCallSite.callCurrent(AbstractCallSite.java:185)
at io.restassured.internal.ResponseSpecificationImpl.statusCode(ResponseSpecificationImpl.groovy:143)
at io.restassured.internal.ValidatableResponseOptionsImpl.statusCode(ValidatableResponseOptionsImpl.java:89)
at Basic_RestAssuredTests.GETRequestTest.practice_GET_Request(GETRequestTest.java:15)
at java.base/java.util.ArrayList.forEach(ArrayList.java:1511)
... Removed 47 stack frames]]>
    </failure>
  </testcase> <!-- practice_GET_Request -->
  <testcase classname="Basic_RestAssuredTests.POSTRequestTest" name="POSTRequestCheck" time="2.668"/>
  <testcase classname="Basic_RestAssuredTests.PUTRequestTest" name="PUTrequestCheck" time="1.702"/>
</testsuite> <!-- Command line test -->
